Ex1 (OOP) Simulator log: stage B3.json,  3a.csv
0.0,OOP_Ex1_Elevator_Simulator
0.0,Simulated Building, Building [-10,100]
0) ex1.Elevator_A, Elev_, id,0,  speed, 3.0, open: 2.0,  start: 3.0, close: 2.0,  stop: 3.0
1) ex1.Elevator_A, Elev_, id,1,  speed, 7.0, open: 1.4285714285714286,  start: 2.142857142857143, close: 1.4285714285714286,  stop: 2.142857142857143

0.0,Simulated Period starTime,0.0,  endTime,1104.1840186,  dt,1.0
0.0,Simulated  calls,Elevator log, size: 100
0.0,**** Simulation starts!! ****
5.0,Elevator call,4.37472729,0,-1,1,1, got allocated to elevator, 1
5.0,Elev,1,  arrived at src, 0, Elevator call,4.37472729,0,-1,2,1
5.0, elevID,1,  pos,0,  cmd, goto,-1
13.0,Elev,1,  arrived at dest, -1, this call is done!, Elevator call,4.37472729,0,-1,3,1, Done, dt, 8.62527271
17.0,Elevator call,16.95788289,-1,0,1,1, got allocated to elevator, 1
17.0,Elev,1,  arrived at src, -1, Elevator call,16.95788289,-1,0,2,1
17.0, elevID,1,  pos,-1,  cmd, goto,0
23.0,Elevator call,22.0940563,0,-1,1,1, got allocated to elevator, 1
25.0,Elev,1,  arrived at dest, 0, this call is done!, Elevator call,16.95788289,-1,0,3,1, Done, dt, 8.04211711
25.0,Elev,1,  arrived at src, 0, Elevator call,22.0940563,0,-1,2,1
25.0, elevID,1,  pos,0,  cmd, goto,-1
33.0,Elev,1,  arrived at dest, -1, this call is done!, Elevator call,22.0940563,0,-1,3,1, Done, dt, 10.905943700000002
86.0,Elevator call,85.52096662,3,2,1,0, got allocated to elevator, 0
86.0, elevID,0,  pos,0,  cmd, goto,3
92.0,Elevator call,91.21019413,-1,-2,1,1, got allocated to elevator, 1
92.0,Elev,1,  arrived at src, -1, Elevator call,91.21019413,-1,-2,2,1
92.0, elevID,1,  pos,-1,  cmd, goto,-2
97.0,Elev,0,  arrived at src, 3, Elevator call,85.52096662,3,2,2,0
97.0, elevID,0,  pos,3,  cmd, goto,2
100.0,Elev,1,  arrived at dest, -2, this call is done!, Elevator call,91.21019413,-1,-2,3,1, Done, dt, 8.789805869999995
105.0,Elevator call,104.1370124,0,4,1,0, got allocated to elevator, 0
108.0,Elev,0,  arrived at dest, 2, this call is done!, Elevator call,85.52096662,3,2,3,0, Done, dt, 22.479033380000004
108.0, elevID,0,  pos,2,  cmd, goto,0
110.0,Elevator call,109.2135291,-1,0,1,1, got allocated to elevator, 1
110.0, elevID,1,  pos,-2,  cmd, goto,-1
115.0,Elevator call,114.392351,3,0,1,0, got allocated to elevator, 0
118.0,Elev,1,  arrived at src, -1, Elevator call,109.2135291,-1,0,2,1
118.0, elevID,1,  pos,-1,  cmd, goto,0
119.0,Elev,0,  arrived at src, 0, Elevator call,104.1370124,0,4,2,0
119.0, elevID,0,  pos,0,  cmd, goto,3
125.0,Elevator call,124.425571,0,9,1,0, got allocated to elevator, 0
126.0,Elev,1,  arrived at dest, 0, this call is done!, Elevator call,109.2135291,-1,0,3,1, Done, dt, 16.786470899999998
130.0,Elev,0,  arrived at src, 3, Elevator call,114.392351,3,0,2,0
130.0, elevID,0,  pos,3,  cmd, goto,4
131.0,Elevator call,130.0249568,8,10,1,0, got allocated to elevator, 0
131.0,Elevator call,130.2249113,-1,1,1,0, got allocated to elevator, 0
138.0,Elevator call,137.9515274,0,4,1,0, got allocated to elevator, 0
141.0,Elev,0,  arrived at dest, 4, this call is done!, Elevator call,104.1370124,0,4,3,0, Done, dt, 36.8629876
141.0, elevID,0,  pos,4,  cmd, goto,8
144.0,Elevator call,143.9133584,0,6,1,0, got allocated to elevator, 0
153.0,Elev,0,  arrived at src, 8, Elevator call,130.0249568,8,10,2,0
153.0, elevID,0,  pos,8,  cmd, goto,10
164.0,Elev,0,  arrived at dest, 10, this call is done!, Elevator call,130.0249568,8,10,3,0, Done, dt, 33.97504319999999
164.0, elevID,0,  pos,10,  cmd, goto,0
170.0,Elevator call,169.7845834,-1,0,1,1, got allocated to elevator, 1
170.0, elevID,1,  pos,0,  cmd, goto,-1
171.0,Elevator call,170.0099621,0,6,1,0, got allocated to elevator, 0
172.0,Elevator call,171.2117332,-1,8,1,0, got allocated to elevator, 0
175.0,Elevator call,174.8438515,0,-1,1,1, got allocated to elevator, 1
178.0,Elev,0,  arrived at dest, 0, this call is done!, Elevator call,114.392351,3,0,3,0, Done, dt, 63.607648999999995
178.0,Elev,0,  arrived at src, 0, Elevator call,124.425571,0,9,2,0
178.0,Elev,0,  arrived at src, 0, Elevator call,137.9515274,0,4,2,0
178.0,Elev,0,  arrived at src, 0, Elevator call,143.9133584,0,6,2,0
178.0,Elev,0,  arrived at src, 0, Elevator call,170.0099621,0,6,2,0
178.0, elevID,0,  pos,0,  cmd, goto,-1
178.0,Elev,1,  arrived at src, -1, Elevator call,169.7845834,-1,0,2,1
178.0, elevID,1,  pos,-1,  cmd, goto,0
186.0,Elev,1,  arrived at dest, 0, this call is done!, Elevator call,169.7845834,-1,0,3,1, Done, dt, 16.215416599999998
186.0,Elev,1,  arrived at src, 0, Elevator call,174.8438515,0,-1,2,1
186.0, elevID,1,  pos,0,  cmd, goto,-1
188.0,Elevator call,187.1167862,-1,-2,1,1, got allocated to elevator, 1
188.0,Elevator call,187.7299318,-1,-2,1,1, got allocated to elevator, 1
189.0,Elev,0,  arrived at src, -1, Elevator call,130.2249113,-1,1,2,0
189.0,Elev,0,  arrived at src, -1, Elevator call,171.2117332,-1,8,2,0
189.0, elevID,0,  pos,-1,  cmd, goto,1
194.0,Elev,1,  arrived at dest, -1, this call is done!, Elevator call,174.8438515,0,-1,3,1, Done, dt, 19.1561485
194.0,Elev,1,  arrived at src, -1, Elevator call,187.1167862,-1,-2,2,1
194.0,Elev,1,  arrived at src, -1, Elevator call,187.7299318,-1,-2,2,1
194.0, elevID,1,  pos,-1,  cmd, goto,-2
196.0,Elevator call,195.9086965,0,7,1,0, got allocated to elevator, 0
198.0,Elevator call,197.5359191,-1,1,1,0, got allocated to elevator, 0
200.0,Elev,0,  arrived at dest, 1, this call is done!, Elevator call,130.2249113,-1,1,3,0, Done, dt, 69.7750887
200.0, elevID,0,  pos,1,  cmd, goto,4
202.0,Elev,1,  arrived at dest, -2, this call is done!, Elevator call,187.1167862,-1,-2,3,1, Done, dt, 14.883213799999993
202.0,Elev,1,  arrived at dest, -2, this call is done!, Elevator call,187.7299318,-1,-2,3,1, Done, dt, 14.270068199999997
206.0,Elevator call,205.9895199,-1,0,1,1, got allocated to elevator, 1
206.0, elevID,1,  pos,-2,  cmd, goto,-1
211.0,Elev,0,  arrived at dest, 4, this call is done!, Elevator call,137.9515274,0,4,3,0, Done, dt, 73.0484726
211.0, elevID,0,  pos,4,  cmd, goto,6
214.0,Elev,1,  arrived at src, -1, Elevator call,205.9895199,-1,0,2,1
214.0, elevID,1,  pos,-1,  cmd, goto,0
222.0,Elev,0,  arrived at dest, 6, this call is done!, Elevator call,143.9133584,0,6,3,0, Done, dt, 78.08664160000001
222.0,Elev,0,  arrived at dest, 6, this call is done!, Elevator call,170.0099621,0,6,3,0, Done, dt, 51.990037900000004
222.0, elevID,0,  pos,6,  cmd, goto,8
222.0,Elev,1,  arrived at dest, 0, this call is done!, Elevator call,205.9895199,-1,0,3,1, Done, dt, 16.010480099999995
228.0,Elevator call,227.0798305,-1,5,1,0, got allocated to elevator, 0
232.0,Elevator call,231.5157882,-1,0,1,1, got allocated to elevator, 1
232.0, elevID,1,  pos,0,  cmd, goto,-1
233.0,Elevator call,232.9504362,0,-1,1,1, got allocated to elevator, 1
233.0,Elev,0,  arrived at dest, 8, this call is done!, Elevator call,171.2117332,-1,8,3,0, Done, dt, 61.7882668
233.0, elevID,0,  pos,8,  cmd, goto,9
, elevID,1,  pos,0,  cmd, stop,0
240.0,Elev,1,  arrived at src, 0, Elevator call,232.9504362,0,-1,2,1
240.0, elevID,1,  pos,0,  cmd, goto,-1
244.0,Elev,0,  arrived at dest, 9, this call is done!, Elevator call,124.425571,0,9,3,0, Done, dt, 119.574429
244.0, elevID,0,  pos,9,  cmd, goto,0
248.0,Elev,1,  arrived at src, -1, Elevator call,231.5157882,-1,0,2,1
248.0,Elev,1,  arrived at dest, -1, this call is done!, Elevator call,232.9504362,0,-1,3,1, Done, dt, 15.049563799999987
248.0, elevID,1,  pos,-1,  cmd, goto,0
252.0,Elevator call,251.1044469,-1,-2,1,1, got allocated to elevator, 1
252.0,Elevator call,251.2359335,0,9,1,0, got allocated to elevator, 0
255.0,Elevator call,254.6977153,3,4,1,0, got allocated to elevator, 0
256.0,Elev,1,  arrived at dest, 0, this call is done!, Elevator call,231.5157882,-1,0,3,1, Done, dt, 24.484211799999997
256.0, elevID,1,  pos,0,  cmd, goto,-1
257.0,Elev,0,  arrived at src, 0, Elevator call,195.9086965,0,7,2,0
257.0,Elev,0,  arrived at src, 0, Elevator call,251.2359335,0,9,2,0
257.0, elevID,0,  pos,0,  cmd, goto,-1
258.0,Elevator call,257.7974435,-1,0,1,1, got allocated to elevator, 1
264.0,Elev,1,  arrived at src, -1, Elevator call,251.1044469,-1,-2,2,1
264.0,Elev,1,  arrived at src, -1, Elevator call,257.7974435,-1,0,2,1
264.0, elevID,1,  pos,-1,  cmd, goto,-2
268.0,Elev,0,  arrived at src, -1, Elevator call,197.5359191,-1,1,2,0
268.0,Elev,0,  arrived at src, -1, Elevator call,227.0798305,-1,5,2,0
268.0, elevID,0,  pos,-1,  cmd, goto,1
272.0,Elev,1,  arrived at dest, -2, this call is done!, Elevator call,251.1044469,-1,-2,3,1, Done, dt, 20.8955531
272.0, elevID,1,  pos,-2,  cmd, goto,0
279.0,Elev,0,  arrived at dest, 1, this call is done!, Elevator call,197.5359191,-1,1,3,0, Done, dt, 81.4640809
279.0, elevID,0,  pos,1,  cmd, goto,3
280.0,Elev,1,  arrived at dest, 0, this call is done!, Elevator call,257.7974435,-1,0,3,1, Done, dt, 22.202556500000014
290.0,Elev,0,  arrived at src, 3, Elevator call,254.6977153,3,4,2,0
290.0, elevID,0,  pos,3,  cmd, goto,4
296.0,Elevator call,295.7943357,0,1,1,0, got allocated to elevator, 0
301.0,Elev,0,  arrived at dest, 4, this call is done!, Elevator call,254.6977153,3,4,3,0, Done, dt, 46.3022847
301.0, elevID,0,  pos,4,  cmd, goto,5
305.0,Elevator call,304.9984388,6,0,1,0, got allocated to elevator, 0
310.0,Elevator call,309.3005383,0,-1,1,1, got allocated to elevator, 1
310.0,Elev,1,  arrived at src, 0, Elevator call,309.3005383,0,-1,2,1
310.0, elevID,1,  pos,0,  cmd, goto,-1
312.0,Elev,0,  arrived at dest, 5, this call is done!, Elevator call,227.0798305,-1,5,3,0, Done, dt, 84.92016949999999
312.0, elevID,0,  pos,5,  cmd, goto,6
313.0,Elevator call,312.3018556,0,-1,1,1, got allocated to elevator, 1
, elevID,1,  pos,0,  cmd, stop,0
317.0,Elevator call,316.0323783,0,-1,1,1, got allocated to elevator, 1
318.0,Elev,1,  arrived at src, 0, Elevator call,312.3018556,0,-1,2,1
318.0,Elev,1,  arrived at src, 0, Elevator call,316.0323783,0,-1,2,1
318.0, elevID,1,  pos,0,  cmd, goto,-1
320.0,Elevator call,319.905202,6,5,1,0, got allocated to elevator, 0
321.0,Elevator call,320.9760749,-1,0,1,1, got allocated to elevator, 1
322.0,Elevator call,321.370409,7,-1,1,0, got allocated to elevator, 0
323.0,Elev,0,  arrived at src, 6, Elevator call,304.9984388,6,0,2,0
323.0,Elev,0,  arrived at src, 6, Elevator call,319.905202,6,5,2,0
323.0, elevID,0,  pos,6,  cmd, goto,7
326.0,Elev,1,  arrived at dest, -1, this call is done!, Elevator call,309.3005383,0,-1,3,1, Done, dt, 16.699461699999972
326.0,Elev,1,  arrived at dest, -1, this call is done!, Elevator call,312.3018556,0,-1,3,1, Done, dt, 13.69814439999999
326.0,Elev,1,  arrived at dest, -1, this call is done!, Elevator call,316.0323783,0,-1,3,1, Done, dt, 9.967621699999995
326.0,Elev,1,  arrived at src, -1, Elevator call,320.9760749,-1,0,2,1
326.0, elevID,1,  pos,-1,  cmd, goto,0
333.0,Elevator call,332.4267319,0,10,1,0, got allocated to elevator, 0
334.0,Elev,0,  arrived at dest, 7, this call is done!, Elevator call,195.9086965,0,7,3,0, Done, dt, 138.0913035
334.0,Elev,0,  arrived at src, 7, Elevator call,321.370409,7,-1,2,0
334.0, elevID,0,  pos,7,  cmd, goto,9
334.0,Elev,1,  arrived at dest, 0, this call is done!, Elevator call,320.9760749,-1,0,3,1, Done, dt, 13.023925099999985
337.0,Elevator call,336.9304305,-1,0,1,1, got allocated to elevator, 1
337.0, elevID,1,  pos,0,  cmd, goto,-1
345.0,Elev,0,  arrived at dest, 9, this call is done!, Elevator call,251.2359335,0,9,3,0, Done, dt, 93.76406650000001
345.0, elevID,0,  pos,9,  cmd, goto,5
345.0,Elev,1,  arrived at src, -1, Elevator call,336.9304305,-1,0,2,1
345.0, elevID,1,  pos,-1,  cmd, goto,0
353.0,Elev,1,  arrived at dest, 0, this call is done!, Elevator call,336.9304305,-1,0,3,1, Done, dt, 16.0695695
357.0,Elev,0,  arrived at dest, 5, this call is done!, Elevator call,319.905202,6,5,3,0, Done, dt, 37.094798000000026
357.0, elevID,0,  pos,5,  cmd, goto,0
369.0,Elev,0,  arrived at src, 0, Elevator call,295.7943357,0,1,2,0
369.0,Elev,0,  arrived at dest, 0, this call is done!, Elevator call,304.9984388,6,0,3,0, Done, dt, 64.00156120000003
369.0,Elev,0,  arrived at src, 0, Elevator call,332.4267319,0,10,2,0
369.0, elevID,0,  pos,0,  cmd, goto,-1
376.0,Elevator call,375.490481,1,0,1,0, got allocated to elevator, 0
380.0,Elev,0,  arrived at dest, -1, this call is done!, Elevator call,321.370409,7,-1,3,0, Done, dt, 58.629591000000005
380.0, elevID,0,  pos,-1,  cmd, goto,1
391.0,Elev,0,  arrived at dest, 1, this call is done!, Elevator call,295.7943357,0,1,3,0, Done, dt, 95.20566430000002
391.0,Elev,0,  arrived at src, 1, Elevator call,375.490481,1,0,2,0
391.0, elevID,0,  pos,1,  cmd, goto,10
393.0,Elevator call,392.5160765,0,5,1,0, got allocated to elevator, 0
404.0,Elev,0,  arrived at dest, 10, this call is done!, Elevator call,332.4267319,0,10,3,0, Done, dt, 71.5732681
404.0, elevID,0,  pos,10,  cmd, goto,0
406.0,Elevator call,405.1821141,-1,10,1,0, got allocated to elevator, 0
418.0,Elev,0,  arrived at dest, 0, this call is done!, Elevator call,375.490481,1,0,3,0, Done, dt, 42.50951900000001
418.0,Elev,0,  arrived at src, 0, Elevator call,392.5160765,0,5,2,0
418.0, elevID,0,  pos,0,  cmd, goto,-1
427.0,Elevator call,426.8615805,2,0,1,0, got allocated to elevator, 0
429.0,Elev,0,  arrived at src, -1, Elevator call,405.1821141,-1,10,2,0
429.0, elevID,0,  pos,-1,  cmd, goto,2
438.0,Elevator call,437.1711158,1,0,1,0, got allocated to elevator, 0
440.0,Elev,0,  arrived at src, 2, Elevator call,426.8615805,2,0,2,0
440.0, elevID,0,  pos,2,  cmd, goto,5
451.0,Elev,0,  arrived at dest, 5, this call is done!, Elevator call,392.5160765,0,5,3,0, Done, dt, 58.4839235
451.0, elevID,0,  pos,5,  cmd, goto,10
463.0,Elev,0,  arrived at dest, 10, this call is done!, Elevator call,405.1821141,-1,10,3,0, Done, dt, 57.81788590000002
463.0, elevID,0,  pos,10,  cmd, goto,1
473.0,Elevator call,472.7445474,10,-1,1,0, got allocated to elevator, 0
476.0,Elev,0,  arrived at src, 1, Elevator call,437.1711158,1,0,2,0
476.0, elevID,0,  pos,1,  cmd, goto,0
487.0,Elev,0,  arrived at dest, 0, this call is done!, Elevator call,426.8615805,2,0,3,0, Done, dt, 60.1384195
487.0,Elev,0,  arrived at dest, 0, this call is done!, Elevator call,437.1711158,1,0,3,0, Done, dt, 49.828884200000005
487.0, elevID,0,  pos,0,  cmd, goto,10
501.0,Elevator call,500.3712045,8,-1,1,0, got allocated to elevator, 0
501.0,Elev,0,  arrived at src, 10, Elevator call,472.7445474,10,-1,2,0
501.0, elevID,0,  pos,10,  cmd, goto,8
504.0,Elevator call,503.1384784,1,-1,1,0, got allocated to elevator, 0
505.0,Elevator call,504.4317942,0,-1,1,1, got allocated to elevator, 1
505.0,Elev,1,  arrived at src, 0, Elevator call,504.4317942,0,-1,2,1
505.0, elevID,1,  pos,0,  cmd, goto,-1
512.0,Elev,0,  arrived at src, 8, Elevator call,500.3712045,8,-1,2,0
512.0, elevID,0,  pos,8,  cmd, goto,1
513.0,Elev,1,  arrived at dest, -1, this call is done!, Elevator call,504.4317942,0,-1,3,1, Done, dt, 8.568205799999987
525.0,Elev,0,  arrived at src, 1, Elevator call,503.1384784,1,-1,2,0
525.0, elevID,0,  pos,1,  cmd, goto,-1
530.0,Elevator call,529.6277472,3,-1,1,0, got allocated to elevator, 0
536.0,Elev,0,  arrived at dest, -1, this call is done!, Elevator call,472.7445474,10,-1,3,0, Done, dt, 63.25545260000001
536.0,Elev,0,  arrived at dest, -1, this call is done!, Elevator call,500.3712045,8,-1,3,0, Done, dt, 35.628795500000024
536.0,Elev,0,  arrived at dest, -1, this call is done!, Elevator call,503.1384784,1,-1,3,0, Done, dt, 32.8615216
536.0, elevID,0,  pos,-1,  cmd, goto,3
538.0,Elevator call,537.7866884,-1,6,1,0, got allocated to elevator, 0
538.0, elevID,0,  pos,-1,  cmd, stop,-1
545.0,Elevator call,544.7880392,6,-1,1,0, got allocated to elevator, 0
546.0,Elev,0,  arrived at src, -1, Elevator call,537.7866884,-1,6,2,0
546.0, elevID,0,  pos,-1,  cmd, goto,3
555.0,Elevator call,554.0892923,4,0,1,0, got allocated to elevator, 0
558.0,Elevator call,557.244139,10,0,1,0, got allocated to elevator, 0
558.0,Elev,0,  arrived at src, 3, Elevator call,529.6277472,3,-1,2,0
558.0, elevID,0,  pos,3,  cmd, goto,4
566.0,Elevator call,565.0195522,0,-1,1,1, got allocated to elevator, 1
566.0, elevID,1,  pos,-1,  cmd, goto,0
569.0,Elev,0,  arrived at src, 4, Elevator call,554.0892923,4,0,2,0
569.0, elevID,0,  pos,4,  cmd, goto,6
574.0,Elev,1,  arrived at src, 0, Elevator call,565.0195522,0,-1,2,1
574.0, elevID,1,  pos,0,  cmd, goto,-1
580.0,Elev,0,  arrived at dest, 6, this call is done!, Elevator call,537.7866884,-1,6,3,0, Done, dt, 42.2133116
580.0,Elev,0,  arrived at src, 6, Elevator call,544.7880392,6,-1,2,0
580.0, elevID,0,  pos,6,  cmd, goto,10
582.0,Elevator call,581.870309,0,3,1,0, got allocated to elevator, 0
582.0,Elev,1,  arrived at dest, -1, this call is done!, Elevator call,565.0195522,0,-1,3,1, Done, dt, 16.98044779999998
592.0,Elev,0,  arrived at src, 10, Elevator call,557.244139,10,0,2,0
592.0, elevID,0,  pos,10,  cmd, goto,0
597.0,Elevator call,596.1232023,8,0,1,0, got allocated to elevator, 0
, elevID,0,  pos,10,  cmd, stop,8
601.0,Elevator call,600.931288,1,0,1,0, got allocated to elevator, 0
603.0,Elev,0,  arrived at src, 8, Elevator call,596.1232023,8,0,2,0
603.0, elevID,0,  pos,8,  cmd, goto,1
604.0,Elevator call,603.9342327,7,0,1,0, got allocated to elevator, 0
, elevID,0,  pos,8,  cmd, stop,7
614.0,Elev,0,  arrived at src, 7, Elevator call,603.9342327,7,0,2,0
614.0, elevID,0,  pos,7,  cmd, goto,1
618.0,Elevator call,617.9628339,0,3,1,0, got allocated to elevator, 0
620.0,Elevator call,619.6454197,9,0,1,0, got allocated to elevator, 0
626.0,Elev,0,  arrived at src, 1, Elevator call,600.931288,1,0,2,0
626.0, elevID,0,  pos,1,  cmd, goto,0
627.0,Elevator call,626.2116172,0,1,1,0, got allocated to elevator, 0
637.0,Elev,0,  arrived at dest, 0, this call is done!, Elevator call,554.0892923,4,0,3,0, Done, dt, 82.91070769999999
637.0,Elev,0,  arrived at dest, 0, this call is done!, Elevator call,557.244139,10,0,3,0, Done, dt, 79.75586099999998
637.0,Elev,0,  arrived at src, 0, Elevator call,581.870309,0,3,2,0
637.0,Elev,0,  arrived at dest, 0, this call is done!, Elevator call,596.1232023,8,0,3,0, Done, dt, 40.8767977
637.0,Elev,0,  arrived at dest, 0, this call is done!, Elevator call,600.931288,1,0,3,0, Done, dt, 36.068712000000005
637.0,Elev,0,  arrived at dest, 0, this call is done!, Elevator call,603.9342327,7,0,3,0, Done, dt, 33.06576729999995
637.0,Elev,0,  arrived at src, 0, Elevator call,617.9628339,0,3,2,0
637.0,Elev,0,  arrived at src, 0, Elevator call,626.2116172,0,1,2,0
637.0, elevID,0,  pos,0,  cmd, goto,-1
644.0,Elevator call,643.8547515,-1,2,1,0, got allocated to elevator, 0
648.0,Elev,0,  arrived at dest, -1, this call is done!, Elevator call,529.6277472,3,-1,3,0, Done, dt, 118.37225279999996
648.0,Elev,0,  arrived at dest, -1, this call is done!, Elevator call,544.7880392,6,-1,3,0, Done, dt, 103.21196080000004
648.0,Elev,0,  arrived at src, -1, Elevator call,643.8547515,-1,2,2,0
648.0, elevID,0,  pos,-1,  cmd, goto,1
659.0,Elev,0,  arrived at dest, 1, this call is done!, Elevator call,626.2116172,0,1,3,0, Done, dt, 32.78838280000002
659.0, elevID,0,  pos,1,  cmd, goto,2
661.0,Elevator call,660.0732908,6,10,1,0, got allocated to elevator, 0
662.0,Elevator call,661.042082,-1,3,1,0, got allocated to elevator, 0
663.0,Elevator call,662.1730528,-1,5,1,0, got allocated to elevator, 0
666.0,Elevator call,665.1155549,-1,8,1,0, got allocated to elevator, 0
667.0,Elevator call,666.0340295,4,0,1,0, got allocated to elevator, 0
667.0,Elevator call,666.2411587,5,-1,1,0, got allocated to elevator, 0
670.0,Elev,0,  arrived at dest, 2, this call is done!, Elevator call,643.8547515,-1,2,3,0, Done, dt, 26.14524849999998
670.0, elevID,0,  pos,2,  cmd, goto,3
673.0,Elevator call,672.6773142,0,-1,1,1, got allocated to elevator, 1
673.0, elevID,1,  pos,-1,  cmd, goto,0
678.0,Elevator call,677.7341948,0,-1,1,1, got allocated to elevator, 1
679.0,Elevator call,678.9953585,-1,-2,1,1, got allocated to elevator, 1
681.0,Elev,0,  arrived at dest, 3, this call is done!, Elevator call,581.870309,0,3,3,0, Done, dt, 99.12969099999998
681.0,Elev,0,  arrived at dest, 3, this call is done!, Elevator call,617.9628339,0,3,3,0, Done, dt, 63.037166100000036
681.0, elevID,0,  pos,3,  cmd, goto,4
681.0,Elev,1,  arrived at src, 0, Elevator call,672.6773142,0,-1,2,1
681.0,Elev,1,  arrived at src, 0, Elevator call,677.7341948,0,-1,2,1
681.0, elevID,1,  pos,0,  cmd, goto,-1
689.0,Elev,1,  arrived at dest, -1, this call is done!, Elevator call,672.6773142,0,-1,3,1, Done, dt, 16.322685800000045
689.0,Elev,1,  arrived at dest, -1, this call is done!, Elevator call,677.7341948,0,-1,3,1, Done, dt, 11.265805200000045
689.0,Elev,1,  arrived at src, -1, Elevator call,678.9953585,-1,-2,2,1
689.0, elevID,1,  pos,-1,  cmd, goto,-2
692.0,Elev,0,  arrived at src, 4, Elevator call,666.0340295,4,0,2,0
692.0, elevID,0,  pos,4,  cmd, goto,5
696.0,Elevator call,695.2239882,0,10,1,0, got allocated to elevator, 0
697.0,Elev,1,  arrived at dest, -2, this call is done!, Elevator call,678.9953585,-1,-2,3,1, Done, dt, 18.004641500000048
703.0,Elev,0,  arrived at src, 5, Elevator call,666.2411587,5,-1,2,0
703.0, elevID,0,  pos,5,  cmd, goto,6
707.0,Elevator call,706.1583475,-1,-2,1,1, got allocated to elevator, 1
707.0, elevID,1,  pos,-2,  cmd, goto,-1
711.0,Elevator call,710.324977,0,1,1,0, got allocated to elevator, 0
714.0,Elevator call,713.0191971,1,0,1,0, got allocated to elevator, 0
714.0,Elevator call,713.2499766,10,-1,1,0, got allocated to elevator, 0
714.0,Elev,0,  arrived at src, 6, Elevator call,660.0732908,6,10,2,0
714.0, elevID,0,  pos,6,  cmd, goto,9
715.0,Elev,1,  arrived at src, -1, Elevator call,706.1583475,-1,-2,2,1
715.0, elevID,1,  pos,-1,  cmd, goto,-2
723.0,Elevator call,722.6161213,10,0,1,0, got allocated to elevator, 0
723.0,Elev,1,  arrived at dest, -2, this call is done!, Elevator call,706.1583475,-1,-2,3,1, Done, dt, 16.84165250000001
725.0,Elev,0,  arrived at src, 9, Elevator call,619.6454197,9,0,2,0
725.0, elevID,0,  pos,9,  cmd, goto,10
728.0,Elevator call,727.5146029,-1,0,1,1, got allocated to elevator, 1
728.0, elevID,1,  pos,-2,  cmd, goto,-1
733.0,Elevator call,732.9746341,6,-1,1,0, got allocated to elevator, 0
736.0,Elev,0,  arrived at dest, 10, this call is done!, Elevator call,660.0732908,6,10,3,0, Done, dt, 75.9267092
736.0,Elev,0,  arrived at src, 10, Elevator call,713.2499766,10,-1,2,0
736.0,Elev,0,  arrived at src, 10, Elevator call,722.6161213,10,0,2,0
736.0, elevID,0,  pos,10,  cmd, goto,6
736.0,Elev,1,  arrived at src, -1, Elevator call,727.5146029,-1,0,2,1
736.0, elevID,1,  pos,-1,  cmd, goto,0
738.0,Elevator call,737.3147202,1,0,1,0, got allocated to elevator, 0
744.0,Elev,1,  arrived at dest, 0, this call is done!, Elevator call,727.5146029,-1,0,3,1, Done, dt, 16.4853971
748.0,Elev,0,  arrived at src, 6, Elevator call,732.9746341,6,-1,2,0
748.0, elevID,0,  pos,6,  cmd, goto,1
760.0,Elev,0,  arrived at src, 1, Elevator call,713.0191971,1,0,2,0
760.0,Elev,0,  arrived at src, 1, Elevator call,737.3147202,1,0,2,0
760.0, elevID,0,  pos,1,  cmd, goto,0
771.0,Elev,0,  arrived at dest, 0, this call is done!, Elevator call,619.6454197,9,0,3,0, Done, dt, 151.35458029999995
771.0,Elev,0,  arrived at dest, 0, this call is done!, Elevator call,666.0340295,4,0,3,0, Done, dt, 104.96597050000003
771.0,Elev,0,  arrived at src, 0, Elevator call,695.2239882,0,10,2,0
771.0,Elev,0,  arrived at src, 0, Elevator call,710.324977,0,1,2,0
771.0,Elev,0,  arrived at dest, 0, this call is done!, Elevator call,713.0191971,1,0,3,0, Done, dt, 57.98080289999996
771.0,Elev,0,  arrived at dest, 0, this call is done!, Elevator call,722.6161213,10,0,3,0, Done, dt, 48.38387869999997
771.0,Elev,0,  arrived at dest, 0, this call is done!, Elevator call,737.3147202,1,0,3,0, Done, dt, 33.68527979999999
771.0, elevID,0,  pos,0,  cmd, goto,-1
780.0,Elevator call,779.3996914,-1,5,1,0, got allocated to elevator, 0
782.0,Elev,0,  arrived at src, -1, Elevator call,661.042082,-1,3,2,0
782.0,Elev,0,  arrived at src, -1, Elevator call,662.1730528,-1,5,2,0
782.0,Elev,0,  arrived at src, -1, Elevator call,665.1155549,-1,8,2,0
782.0,Elev,0,  arrived at dest, -1, this call is done!, Elevator call,666.2411587,5,-1,3,0, Done, dt, 115.75884129999997
782.0,Elev,0,  arrived at dest, -1, this call is done!, Elevator call,713.2499766,10,-1,3,0, Done, dt, 68.75002340000003
782.0,Elev,0,  arrived at dest, -1, this call is done!, Elevator call,732.9746341,6,-1,3,0, Done, dt, 49.0253659
782.0,Elev,0,  arrived at src, -1, Elevator call,779.3996914,-1,5,2,0
782.0, elevID,0,  pos,-1,  cmd, goto,1
793.0,Elev,0,  arrived at dest, 1, this call is done!, Elevator call,710.324977,0,1,3,0, Done, dt, 82.67502300000001
793.0, elevID,0,  pos,1,  cmd, goto,3
804.0,Elev,0,  arrived at dest, 3, this call is done!, Elevator call,661.042082,-1,3,3,0, Done, dt, 142.95791799999995
804.0, elevID,0,  pos,3,  cmd, goto,5
806.0,Elevator call,805.6754743,-1,-2,1,1, got allocated to elevator, 1
806.0, elevID,1,  pos,0,  cmd, goto,-1
811.0,Elevator call,810.4469089,2,0,1,0, got allocated to elevator, 0
814.0,Elev,1,  arrived at src, -1, Elevator call,805.6754743,-1,-2,2,1
814.0, elevID,1,  pos,-1,  cmd, goto,-2
815.0,Elev,0,  arrived at dest, 5, this call is done!, Elevator call,662.1730528,-1,5,3,0, Done, dt, 152.82694719999995
815.0,Elev,0,  arrived at dest, 5, this call is done!, Elevator call,779.3996914,-1,5,3,0, Done, dt, 35.60030859999995
815.0, elevID,0,  pos,5,  cmd, goto,8
817.0,Elevator call,816.1516998,7,-1,1,0, got allocated to elevator, 0
817.0, elevID,0,  pos,5,  cmd, stop,7
822.0,Elev,1,  arrived at dest, -2, this call is done!, Elevator call,805.6754743,-1,-2,3,1, Done, dt, 16.32452569999998
826.0,Elevator call,825.4575185,7,0,1,0, got allocated to elevator, 0
826.0,Elev,0,  arrived at src, 7, Elevator call,816.1516998,7,-1,2,0
826.0,Elev,0,  arrived at src, 7, Elevator call,825.4575185,7,0,2,0
826.0, elevID,0,  pos,7,  cmd, goto,8
837.0,Elev,0,  arrived at dest, 8, this call is done!, Elevator call,665.1155549,-1,8,3,0, Done, dt, 171.8844451
837.0, elevID,0,  pos,8,  cmd, goto,10
840.0,Elevator call,839.8525653,0,1,1,0, got allocated to elevator, 0
848.0,Elev,0,  arrived at dest, 10, this call is done!, Elevator call,695.2239882,0,10,3,0, Done, dt, 152.7760118
848.0, elevID,0,  pos,10,  cmd, goto,2
855.0,Elevator call,854.2002278,6,-1,1,0, got allocated to elevator, 0
861.0,Elev,0,  arrived at src, 2, Elevator call,810.4469089,2,0,2,0
861.0, elevID,0,  pos,2,  cmd, goto,0
864.0,Elevator call,863.8932913,0,-1,1,1, got allocated to elevator, 1
864.0, elevID,1,  pos,-2,  cmd, goto,0
871.0,Elevator call,870.5053024,0,7,1,0, got allocated to elevator, 0
872.0,Elev,0,  arrived at dest, 0, this call is done!, Elevator call,810.4469089,2,0,3,0, Done, dt, 61.55309109999996
872.0,Elev,0,  arrived at dest, 0, this call is done!, Elevator call,825.4575185,7,0,3,0, Done, dt, 46.54248150000001
872.0,Elev,0,  arrived at src, 0, Elevator call,839.8525653,0,1,2,0
872.0,Elev,0,  arrived at src, 0, Elevator call,870.5053024,0,7,2,0
872.0, elevID,0,  pos,0,  cmd, goto,-1
872.0,Elev,1,  arrived at src, 0, Elevator call,863.8932913,0,-1,2,1
872.0, elevID,1,  pos,0,  cmd, goto,-1
880.0,Elev,1,  arrived at dest, -1, this call is done!, Elevator call,863.8932913,0,-1,3,1, Done, dt, 16.106708700000013
883.0,Elev,0,  arrived at dest, -1, this call is done!, Elevator call,816.1516998,7,-1,3,0, Done, dt, 66.84830020000004
883.0, elevID,0,  pos,-1,  cmd, goto,1
887.0,Elevator call,886.5649993,-1,-2,1,1, got allocated to elevator, 1
887.0,Elev,1,  arrived at src, -1, Elevator call,886.5649993,-1,-2,2,1
887.0, elevID,1,  pos,-1,  cmd, goto,-2
893.0,Elevator call,892.5212151,9,-1,1,0, got allocated to elevator, 0
894.0,Elev,0,  arrived at dest, 1, this call is done!, Elevator call,839.8525653,0,1,3,0, Done, dt, 54.14743469999996
894.0, elevID,0,  pos,1,  cmd, goto,6
895.0,Elev,1,  arrived at dest, -2, this call is done!, Elevator call,886.5649993,-1,-2,3,1, Done, dt, 8.435000700000046
906.0,Elev,0,  arrived at src, 6, Elevator call,854.2002278,6,-1,2,0
906.0, elevID,0,  pos,6,  cmd, goto,7
911.0,Elevator call,910.5388559,6,5,1,0, got allocated to elevator, 0
911.0, elevID,0,  pos,6,  cmd, stop,6
916.0,Elevator call,915.9490575,4,-1,1,0, got allocated to elevator, 0
916.0,Elev,0,  arrived at src, 6, Elevator call,910.5388559,6,5,2,0
916.0, elevID,0,  pos,6,  cmd, goto,7
927.0,Elev,0,  arrived at dest, 7, this call is done!, Elevator call,870.5053024,0,7,3,0, Done, dt, 56.494697599999995
927.0, elevID,0,  pos,7,  cmd, goto,9
934.0,Elevator call,933.8580452,7,5,1,0, got allocated to elevator, 0
938.0,Elev,0,  arrived at src, 9, Elevator call,892.5212151,9,-1,2,0
938.0, elevID,0,  pos,9,  cmd, goto,7
949.0,Elev,0,  arrived at src, 7, Elevator call,933.8580452,7,5,2,0
949.0, elevID,0,  pos,7,  cmd, goto,5
960.0,Elev,0,  arrived at dest, 5, this call is done!, Elevator call,910.5388559,6,5,3,0, Done, dt, 49.461144099999956
960.0,Elev,0,  arrived at dest, 5, this call is done!, Elevator call,933.8580452,7,5,3,0, Done, dt, 26.141954800000008
960.0, elevID,0,  pos,5,  cmd, goto,4
962.0,Elevator call,961.6862856,6,-1,1,0, got allocated to elevator, 0
971.0,Elev,0,  arrived at src, 4, Elevator call,915.9490575,4,-1,2,0
971.0, elevID,0,  pos,4,  cmd, goto,-1
973.0,Elevator call,972.8032126,1,0,1,0, got allocated to elevator, 0
, elevID,0,  pos,4,  cmd, stop,1
976.0,Elevator call,975.8361203,0,-1,1,1, got allocated to elevator, 1
976.0, elevID,1,  pos,-2,  cmd, goto,0
979.0,Elevator call,978.5925149,10,0,1,0, got allocated to elevator, 0
979.0,Elevator call,978.6210501,10,-1,1,0, got allocated to elevator, 0
982.0,Elev,0,  arrived at src, 1, Elevator call,972.8032126,1,0,2,0
982.0, elevID,0,  pos,1,  cmd, goto,0
984.0,Elev,1,  arrived at src, 0, Elevator call,975.8361203,0,-1,2,1
984.0, elevID,1,  pos,0,  cmd, goto,-1
985.0,Elevator call,984.1840186,7,0,1,0, got allocated to elevator, 0
992.0,Elev,1,  arrived at dest, -1, this call is done!, Elevator call,975.8361203,0,-1,3,1, Done, dt, 16.163879700000052
993.0,Elev,0,  arrived at dest, 0, this call is done!, Elevator call,972.8032126,1,0,3,0, Done, dt, 20.19678739999995
993.0, elevID,0,  pos,0,  cmd, goto,-1
1004.0,Elev,0,  arrived at dest, -1, this call is done!, Elevator call,854.2002278,6,-1,3,0, Done, dt, 149.7997722
1004.0,Elev,0,  arrived at dest, -1, this call is done!, Elevator call,892.5212151,9,-1,3,0, Done, dt, 111.47878490000005
1004.0,Elev,0,  arrived at dest, -1, this call is done!, Elevator call,915.9490575,4,-1,3,0, Done, dt, 88.05094250000002
1004.0, elevID,0,  pos,-1,  cmd, goto,6
1017.0,Elev,0,  arrived at src, 6, Elevator call,961.6862856,6,-1,2,0
1017.0, elevID,0,  pos,6,  cmd, goto,7
1028.0,Elev,0,  arrived at src, 7, Elevator call,984.1840186,7,0,2,0
1028.0, elevID,0,  pos,7,  cmd, goto,10
1039.0,Elev,0,  arrived at src, 10, Elevator call,978.5925149,10,0,2,0
1039.0,Elev,0,  arrived at src, 10, Elevator call,978.6210501,10,-1,2,0
1039.0, elevID,0,  pos,10,  cmd, goto,0
1053.0,Elev,0,  arrived at dest, 0, this call is done!, Elevator call,978.5925149,10,0,3,0, Done, dt, 74.40748510000003
1053.0,Elev,0,  arrived at dest, 0, this call is done!, Elevator call,984.1840186,7,0,3,0, Done, dt, 68.81598140000006
1053.0, elevID,0,  pos,0,  cmd, goto,-1
1064.0,Elev,0,  arrived at dest, -1, this call is done!, Elevator call,961.6862856,6,-1,3,0, Done, dt, 102.31371439999998
1064.0,Elev,0,  arrived at dest, -1, this call is done!, Elevator call,978.6210501,10,-1,3,0, Done, dt, 85.37894989999995
1065.0,************* Simulation Ended ************
Code Owners,205890882,31851630,  Building_file,B3.json,  Calls,3a.csv
Total waiting time: 5444.0,  average waiting time per call: 54.44,  unCompleted calls,0,  certificate, -208996052
