Ex1 (OOP) Simulator log: stage B4.json,  4a.csv
0.0,OOP_Ex1_Elevator_Simulator
0.0,Simulated Building, Building [-10,100]
0) ex1.Elevator_A, Elev_, id,0,  speed, 1.0, open: 2.0,  start: 3.0, close: 2.0,  stop: 3.0
1) ex1.Elevator_A, Elev_, id,1,  speed, 2.0, open: 2.0,  start: 3.0, close: 2.0,  stop: 3.0
2) ex1.Elevator_A, Elev_, id,2,  speed, 8.0, open: 1.25,  start: 1.875, close: 1.25,  stop: 1.875
3) ex1.Elevator_A, Elev_, id,3,  speed, 6.0, open: 1.6666666666666667,  start: 2.5, close: 1.6666666666666667,  stop: 2.5
4) ex1.Elevator_A, Elev_, id,4,  speed, 2.0, open: 2.0,  start: 3.0, close: 2.0,  stop: 3.0

0.0,Simulated Period starTime,0.0,  endTime,1104.1840186,  dt,1.0
0.0,Simulated  calls,Elevator log, size: 100
0.0,**** Simulation starts!! ****
5.0,Elevator call,4.37472729,0,-1,1,2, got allocated to elevator, 2
5.0,Elev,2,  arrived at src, 0, Elevator call,4.37472729,0,-1,2,2
5.0, elevID,2,  pos,0,  cmd, goto,-1
12.0,Elev,2,  arrived at dest, -1, this call is done!, Elevator call,4.37472729,0,-1,3,2, Done, dt, 7.62527271
17.0,Elevator call,16.95788289,-1,0,1,2, got allocated to elevator, 2
17.0,Elev,2,  arrived at src, -1, Elevator call,16.95788289,-1,0,2,2
17.0, elevID,2,  pos,-1,  cmd, goto,0
23.0,Elevator call,22.0940563,0,-1,1,2, got allocated to elevator, 2
24.0,Elev,2,  arrived at dest, 0, this call is done!, Elevator call,16.95788289,-1,0,3,2, Done, dt, 7.0421171099999995
24.0,Elev,2,  arrived at src, 0, Elevator call,22.0940563,0,-1,2,2
24.0, elevID,2,  pos,0,  cmd, goto,-1
31.0,Elev,2,  arrived at dest, -1, this call is done!, Elevator call,22.0940563,0,-1,3,2, Done, dt, 8.905943700000002
86.0,Elevator call,85.52096662,3,2,1,0, got allocated to elevator, 0
86.0, elevID,0,  pos,0,  cmd, goto,3
92.0,Elevator call,91.21019413,-1,-2,1,2, got allocated to elevator, 2
92.0,Elev,2,  arrived at src, -1, Elevator call,91.21019413,-1,-2,2,2
92.0, elevID,2,  pos,-1,  cmd, goto,-2
99.0,Elev,0,  arrived at src, 3, Elevator call,85.52096662,3,2,2,0
99.0, elevID,0,  pos,3,  cmd, goto,2
99.0,Elev,2,  arrived at dest, -2, this call is done!, Elevator call,91.21019413,-1,-2,3,2, Done, dt, 7.789805869999995
105.0,Elevator call,104.1370124,0,4,1,0, got allocated to elevator, 0
110.0,Elevator call,109.2135291,-1,0,1,2, got allocated to elevator, 2
110.0,Elev,0,  arrived at dest, 2, this call is done!, Elevator call,85.52096662,3,2,3,0, Done, dt, 24.479033380000004
110.0, elevID,0,  pos,2,  cmd, goto,0
110.0, elevID,2,  pos,-2,  cmd, goto,-1
115.0,Elevator call,114.392351,3,0,1,0, got allocated to elevator, 0
117.0,Elev,2,  arrived at src, -1, Elevator call,109.2135291,-1,0,2,2
117.0, elevID,2,  pos,-1,  cmd, goto,0
122.0,Elev,0,  arrived at src, 0, Elevator call,104.1370124,0,4,2,0
122.0, elevID,0,  pos,0,  cmd, goto,3
124.0,Elev,2,  arrived at dest, 0, this call is done!, Elevator call,109.2135291,-1,0,3,2, Done, dt, 14.786470899999998
125.0,Elevator call,124.425571,0,9,1,0, got allocated to elevator, 0
125.0, elevID,0,  pos,0,  cmd, stop,0
131.0,Elevator call,130.0249568,8,10,1,0, got allocated to elevator, 0
131.0,Elevator call,130.2249113,-1,1,1,0, got allocated to elevator, 0
132.0,Elev,0,  arrived at src, 0, Elevator call,124.425571,0,9,2,0
132.0, elevID,0,  pos,0,  cmd, goto,3
138.0,Elevator call,137.9515274,0,4,1,0, got allocated to elevator, 0
144.0,Elevator call,143.9133584,0,6,1,0, got allocated to elevator, 0
145.0,Elev,0,  arrived at src, 3, Elevator call,114.392351,3,0,2,0
145.0, elevID,0,  pos,3,  cmd, goto,4
156.0,Elev,0,  arrived at dest, 4, this call is done!, Elevator call,104.1370124,0,4,3,0, Done, dt, 51.8629876
156.0, elevID,0,  pos,4,  cmd, goto,8
170.0,Elevator call,169.7845834,-1,0,1,2, got allocated to elevator, 2
170.0,Elev,0,  arrived at src, 8, Elevator call,130.0249568,8,10,2,0
170.0, elevID,0,  pos,8,  cmd, goto,9
170.0, elevID,2,  pos,0,  cmd, goto,-1
171.0,Elevator call,170.0099621,0,6,1,0, got allocated to elevator, 0
172.0,Elevator call,171.2117332,-1,8,1,0, got allocated to elevator, 0
175.0,Elevator call,174.8438515,0,-1,1,2, got allocated to elevator, 2
177.0,Elev,2,  arrived at src, -1, Elevator call,169.7845834,-1,0,2,2
177.0, elevID,2,  pos,-1,  cmd, goto,0
181.0,Elev,0,  arrived at dest, 9, this call is done!, Elevator call,124.425571,0,9,3,0, Done, dt, 56.574428999999995
181.0, elevID,0,  pos,9,  cmd, goto,10
184.0,Elev,2,  arrived at dest, 0, this call is done!, Elevator call,169.7845834,-1,0,3,2, Done, dt, 14.215416599999998
184.0,Elev,2,  arrived at src, 0, Elevator call,174.8438515,0,-1,2,2
184.0, elevID,2,  pos,0,  cmd, goto,-1
188.0,Elevator call,187.1167862,-1,-2,1,2, got allocated to elevator, 2
188.0,Elevator call,187.7299318,-1,-2,1,2, got allocated to elevator, 2
191.0,Elev,2,  arrived at dest, -1, this call is done!, Elevator call,174.8438515,0,-1,3,2, Done, dt, 16.1561485
191.0,Elev,2,  arrived at src, -1, Elevator call,187.1167862,-1,-2,2,2
191.0,Elev,2,  arrived at src, -1, Elevator call,187.7299318,-1,-2,2,2
191.0, elevID,2,  pos,-1,  cmd, goto,-2
192.0,Elev,0,  arrived at dest, 10, this call is done!, Elevator call,130.0249568,8,10,3,0, Done, dt, 61.97504319999999
192.0, elevID,0,  pos,10,  cmd, goto,0
196.0,Elevator call,195.9086965,0,7,1,0, got allocated to elevator, 0
198.0,Elevator call,197.5359191,-1,1,1,0, got allocated to elevator, 0
198.0,Elev,2,  arrived at dest, -2, this call is done!, Elevator call,187.1167862,-1,-2,3,2, Done, dt, 10.883213799999993
198.0,Elev,2,  arrived at dest, -2, this call is done!, Elevator call,187.7299318,-1,-2,3,2, Done, dt, 10.270068199999997
206.0,Elevator call,205.9895199,-1,0,1,2, got allocated to elevator, 2
206.0, elevID,2,  pos,-2,  cmd, goto,-1
212.0,Elev,0,  arrived at dest, 0, this call is done!, Elevator call,114.392351,3,0,3,0, Done, dt, 97.607649
212.0,Elev,0,  arrived at src, 0, Elevator call,137.9515274,0,4,2,0
212.0,Elev,0,  arrived at src, 0, Elevator call,143.9133584,0,6,2,0
212.0,Elev,0,  arrived at src, 0, Elevator call,170.0099621,0,6,2,0
212.0,Elev,0,  arrived at src, 0, Elevator call,195.9086965,0,7,2,0
212.0, elevID,0,  pos,0,  cmd, goto,-1
213.0,Elev,2,  arrived at src, -1, Elevator call,205.9895199,-1,0,2,2
213.0, elevID,2,  pos,-1,  cmd, goto,0
220.0,Elev,2,  arrived at dest, 0, this call is done!, Elevator call,205.9895199,-1,0,3,2, Done, dt, 14.010480099999995
223.0,Elev,0,  arrived at src, -1, Elevator call,130.2249113,-1,1,2,0
223.0,Elev,0,  arrived at src, -1, Elevator call,171.2117332,-1,8,2,0
223.0,Elev,0,  arrived at src, -1, Elevator call,197.5359191,-1,1,2,0
223.0, elevID,0,  pos,-1,  cmd, goto,1
228.0,Elevator call,227.0798305,-1,5,1,0, got allocated to elevator, 0
228.0, elevID,0,  pos,-1,  cmd, stop,-1
232.0,Elevator call,231.5157882,-1,0,1,2, got allocated to elevator, 2
232.0, elevID,2,  pos,0,  cmd, goto,-1
233.0,Elevator call,232.9504362,0,-1,1,2, got allocated to elevator, 2
233.0,Elev,0,  arrived at src, -1, Elevator call,227.0798305,-1,5,2,0
233.0, elevID,0,  pos,-1,  cmd, goto,1
, elevID,2,  pos,0,  cmd, stop,0
239.0,Elev,2,  arrived at src, 0, Elevator call,232.9504362,0,-1,2,2
239.0, elevID,2,  pos,0,  cmd, goto,-1
245.0,Elev,0,  arrived at dest, 1, this call is done!, Elevator call,130.2249113,-1,1,3,0, Done, dt, 114.7750887
245.0,Elev,0,  arrived at dest, 1, this call is done!, Elevator call,197.5359191,-1,1,3,0, Done, dt, 47.4640809
245.0, elevID,0,  pos,1,  cmd, goto,4
246.0,Elev,2,  arrived at src, -1, Elevator call,231.5157882,-1,0,2,2
246.0,Elev,2,  arrived at dest, -1, this call is done!, Elevator call,232.9504362,0,-1,3,2, Done, dt, 13.049563799999987
246.0, elevID,2,  pos,-1,  cmd, goto,0
252.0,Elevator call,251.1044469,-1,-2,1,2, got allocated to elevator, 2
252.0,Elevator call,251.2359335,0,9,1,0, got allocated to elevator, 0
253.0,Elev,2,  arrived at dest, 0, this call is done!, Elevator call,231.5157882,-1,0,3,2, Done, dt, 21.484211799999997
253.0, elevID,2,  pos,0,  cmd, goto,-1
255.0,Elevator call,254.6977153,3,4,1,0, got allocated to elevator, 0
258.0,Elevator call,257.7974435,-1,0,1,2, got allocated to elevator, 2
258.0,Elev,0,  arrived at dest, 4, this call is done!, Elevator call,137.9515274,0,4,3,0, Done, dt, 120.0484726
258.0, elevID,0,  pos,4,  cmd, goto,5
260.0,Elev,2,  arrived at src, -1, Elevator call,251.1044469,-1,-2,2,2
260.0,Elev,2,  arrived at src, -1, Elevator call,257.7974435,-1,0,2,2
260.0, elevID,2,  pos,-1,  cmd, goto,-2
267.0,Elev,2,  arrived at dest, -2, this call is done!, Elevator call,251.1044469,-1,-2,3,2, Done, dt, 15.8955531
267.0, elevID,2,  pos,-2,  cmd, goto,0
269.0,Elev,0,  arrived at dest, 5, this call is done!, Elevator call,227.0798305,-1,5,3,0, Done, dt, 41.920169499999986
269.0, elevID,0,  pos,5,  cmd, goto,6
274.0,Elev,2,  arrived at dest, 0, this call is done!, Elevator call,257.7974435,-1,0,3,2, Done, dt, 16.202556500000014
280.0,Elev,0,  arrived at dest, 6, this call is done!, Elevator call,143.9133584,0,6,3,0, Done, dt, 136.0866416
280.0,Elev,0,  arrived at dest, 6, this call is done!, Elevator call,170.0099621,0,6,3,0, Done, dt, 109.9900379
280.0, elevID,0,  pos,6,  cmd, goto,7
291.0,Elev,0,  arrived at dest, 7, this call is done!, Elevator call,195.9086965,0,7,3,0, Done, dt, 95.09130350000001
291.0, elevID,0,  pos,7,  cmd, goto,8
296.0,Elevator call,295.7943357,0,1,1,0, got allocated to elevator, 0
302.0,Elev,0,  arrived at dest, 8, this call is done!, Elevator call,171.2117332,-1,8,3,0, Done, dt, 130.7882668
302.0, elevID,0,  pos,8,  cmd, goto,3
305.0,Elevator call,304.9984388,6,0,1,0, got allocated to elevator, 0
, elevID,0,  pos,8,  cmd, stop,6
310.0,Elevator call,309.3005383,0,-1,1,2, got allocated to elevator, 2
310.0,Elev,2,  arrived at src, 0, Elevator call,309.3005383,0,-1,2,2
310.0, elevID,2,  pos,0,  cmd, goto,-1
313.0,Elevator call,312.3018556,0,-1,1,2, got allocated to elevator, 2
, elevID,2,  pos,0,  cmd, stop,0
314.0,Elev,0,  arrived at src, 6, Elevator call,304.9984388,6,0,2,0
314.0, elevID,0,  pos,6,  cmd, goto,3
317.0,Elevator call,316.0323783,0,-1,1,2, got allocated to elevator, 2
317.0,Elev,2,  arrived at src, 0, Elevator call,312.3018556,0,-1,2,2
317.0,Elev,2,  arrived at src, 0, Elevator call,316.0323783,0,-1,2,2
317.0, elevID,2,  pos,0,  cmd, goto,-1
320.0,Elevator call,319.905202,6,5,1,0, got allocated to elevator, 0
321.0,Elevator call,320.9760749,-1,0,1,2, got allocated to elevator, 2
322.0,Elevator call,321.370409,7,-1,1,0, got allocated to elevator, 0
324.0,Elev,2,  arrived at dest, -1, this call is done!, Elevator call,309.3005383,0,-1,3,2, Done, dt, 14.699461699999972
324.0,Elev,2,  arrived at dest, -1, this call is done!, Elevator call,312.3018556,0,-1,3,2, Done, dt, 11.69814439999999
324.0,Elev,2,  arrived at dest, -1, this call is done!, Elevator call,316.0323783,0,-1,3,2, Done, dt, 7.967621699999995
324.0,Elev,2,  arrived at src, -1, Elevator call,320.9760749,-1,0,2,2
324.0, elevID,2,  pos,-1,  cmd, goto,0
327.0,Elev,0,  arrived at src, 3, Elevator call,254.6977153,3,4,2,0
327.0, elevID,0,  pos,3,  cmd, goto,0
331.0,Elev,2,  arrived at dest, 0, this call is done!, Elevator call,320.9760749,-1,0,3,2, Done, dt, 10.023925099999985
333.0,Elevator call,332.4267319,0,10,1,0, got allocated to elevator, 0
337.0,Elevator call,336.9304305,-1,0,1,2, got allocated to elevator, 2
337.0, elevID,2,  pos,0,  cmd, goto,-1
340.0,Elev,0,  arrived at src, 0, Elevator call,251.2359335,0,9,2,0
340.0,Elev,0,  arrived at src, 0, Elevator call,295.7943357,0,1,2,0
340.0,Elev,0,  arrived at dest, 0, this call is done!, Elevator call,304.9984388,6,0,3,0, Done, dt, 35.001561200000026
340.0,Elev,0,  arrived at src, 0, Elevator call,332.4267319,0,10,2,0
340.0, elevID,0,  pos,0,  cmd, goto,1
344.0,Elev,2,  arrived at src, -1, Elevator call,336.9304305,-1,0,2,2
344.0, elevID,2,  pos,-1,  cmd, goto,0
351.0,Elev,0,  arrived at dest, 1, this call is done!, Elevator call,295.7943357,0,1,3,0, Done, dt, 55.205664300000024
351.0, elevID,0,  pos,1,  cmd, goto,4
351.0,Elev,2,  arrived at dest, 0, this call is done!, Elevator call,336.9304305,-1,0,3,2, Done, dt, 14.0695695
364.0,Elev,0,  arrived at dest, 4, this call is done!, Elevator call,254.6977153,3,4,3,0, Done, dt, 109.3022847
364.0, elevID,0,  pos,4,  cmd, goto,6
376.0,Elevator call,375.490481,1,0,1,0, got allocated to elevator, 0
376.0,Elev,0,  arrived at src, 6, Elevator call,319.905202,6,5,2,0
376.0, elevID,0,  pos,6,  cmd, goto,7
387.0,Elev,0,  arrived at src, 7, Elevator call,321.370409,7,-1,2,0
387.0, elevID,0,  pos,7,  cmd, goto,9
393.0,Elevator call,392.5160765,0,5,1,0, got allocated to elevator, 0
399.0,Elev,0,  arrived at dest, 9, this call is done!, Elevator call,251.2359335,0,9,3,0, Done, dt, 147.7640665
399.0, elevID,0,  pos,9,  cmd, goto,10
406.0,Elevator call,405.1821141,-1,10,1,0, got allocated to elevator, 0
410.0,Elev,0,  arrived at dest, 10, this call is done!, Elevator call,332.4267319,0,10,3,0, Done, dt, 77.5732681
410.0, elevID,0,  pos,10,  cmd, goto,5
425.0,Elev,0,  arrived at dest, 5, this call is done!, Elevator call,319.905202,6,5,3,0, Done, dt, 105.09479800000003
425.0, elevID,0,  pos,5,  cmd, goto,1
427.0,Elevator call,426.8615805,2,0,1,0, got allocated to elevator, 0
, elevID,0,  pos,5,  cmd, stop,2
438.0,Elevator call,437.1711158,1,0,1,0, got allocated to elevator, 0
438.0,Elev,0,  arrived at src, 2, Elevator call,426.8615805,2,0,2,0
438.0, elevID,0,  pos,2,  cmd, goto,1
449.0,Elev,0,  arrived at src, 1, Elevator call,375.490481,1,0,2,0
449.0,Elev,0,  arrived at src, 1, Elevator call,437.1711158,1,0,2,0
449.0, elevID,0,  pos,1,  cmd, goto,0
460.0,Elev,0,  arrived at dest, 0, this call is done!, Elevator call,375.490481,1,0,3,0, Done, dt, 84.50951900000001
460.0,Elev,0,  arrived at src, 0, Elevator call,392.5160765,0,5,2,0
460.0,Elev,0,  arrived at dest, 0, this call is done!, Elevator call,426.8615805,2,0,3,0, Done, dt, 33.1384195
460.0,Elev,0,  arrived at dest, 0, this call is done!, Elevator call,437.1711158,1,0,3,0, Done, dt, 22.828884200000005
460.0, elevID,0,  pos,0,  cmd, goto,-1
471.0,Elev,0,  arrived at dest, -1, this call is done!, Elevator call,321.370409,7,-1,3,0, Done, dt, 149.629591
471.0,Elev,0,  arrived at src, -1, Elevator call,405.1821141,-1,10,2,0
471.0, elevID,0,  pos,-1,  cmd, goto,5
473.0,Elevator call,472.7445474,10,-1,1,0, got allocated to elevator, 0
487.0,Elev,0,  arrived at dest, 5, this call is done!, Elevator call,392.5160765,0,5,3,0, Done, dt, 94.4839235
487.0, elevID,0,  pos,5,  cmd, goto,10
501.0,Elevator call,500.3712045,8,-1,1,0, got allocated to elevator, 0
502.0,Elev,0,  arrived at dest, 10, this call is done!, Elevator call,405.1821141,-1,10,3,0, Done, dt, 96.81788590000002
502.0,Elev,0,  arrived at src, 10, Elevator call,472.7445474,10,-1,2,0
502.0, elevID,0,  pos,10,  cmd, goto,8
504.0,Elevator call,503.1384784,1,-1,1,0, got allocated to elevator, 0
505.0,Elevator call,504.4317942,0,-1,1,2, got allocated to elevator, 2
505.0,Elev,2,  arrived at src, 0, Elevator call,504.4317942,0,-1,2,2
505.0, elevID,2,  pos,0,  cmd, goto,-1
512.0,Elev,2,  arrived at dest, -1, this call is done!, Elevator call,504.4317942,0,-1,3,2, Done, dt, 7.568205799999987
514.0,Elev,0,  arrived at src, 8, Elevator call,500.3712045,8,-1,2,0
514.0, elevID,0,  pos,8,  cmd, goto,1
530.0,Elevator call,529.6277472,3,-1,1,0, got allocated to elevator, 0
531.0,Elev,0,  arrived at src, 1, Elevator call,503.1384784,1,-1,2,0
531.0, elevID,0,  pos,1,  cmd, goto,-1
538.0,Elevator call,537.7866884,-1,6,1,0, got allocated to elevator, 0
543.0,Elev,0,  arrived at dest, -1, this call is done!, Elevator call,472.7445474,10,-1,3,0, Done, dt, 70.25545260000001
543.0,Elev,0,  arrived at dest, -1, this call is done!, Elevator call,500.3712045,8,-1,3,0, Done, dt, 42.628795500000024
543.0,Elev,0,  arrived at dest, -1, this call is done!, Elevator call,503.1384784,1,-1,3,0, Done, dt, 39.8615216
543.0,Elev,0,  arrived at src, -1, Elevator call,537.7866884,-1,6,2,0
543.0, elevID,0,  pos,-1,  cmd, goto,3
545.0,Elevator call,544.7880392,6,-1,1,0, got allocated to elevator, 0
555.0,Elevator call,554.0892923,4,0,1,0, got allocated to elevator, 0
557.0,Elev,0,  arrived at src, 3, Elevator call,529.6277472,3,-1,2,0
557.0, elevID,0,  pos,3,  cmd, goto,4
558.0,Elevator call,557.244139,10,0,1,0, got allocated to elevator, 0
566.0,Elevator call,565.0195522,0,-1,1,2, got allocated to elevator, 2
566.0, elevID,2,  pos,-1,  cmd, goto,0
568.0,Elev,0,  arrived at src, 4, Elevator call,554.0892923,4,0,2,0
568.0, elevID,0,  pos,4,  cmd, goto,6
573.0,Elev,2,  arrived at src, 0, Elevator call,565.0195522,0,-1,2,2
573.0, elevID,2,  pos,0,  cmd, goto,-1
580.0,Elev,0,  arrived at dest, 6, this call is done!, Elevator call,537.7866884,-1,6,3,0, Done, dt, 42.2133116
580.0,Elev,0,  arrived at src, 6, Elevator call,544.7880392,6,-1,2,0
580.0, elevID,0,  pos,6,  cmd, goto,10
580.0,Elev,2,  arrived at dest, -1, this call is done!, Elevator call,565.0195522,0,-1,3,2, Done, dt, 14.980447799999979
582.0,Elevator call,581.870309,0,3,1,0, got allocated to elevator, 0
594.0,Elev,0,  arrived at src, 10, Elevator call,557.244139,10,0,2,0
594.0, elevID,0,  pos,10,  cmd, goto,0
597.0,Elevator call,596.1232023,8,0,1,0, got allocated to elevator, 0
, elevID,0,  pos,10,  cmd, stop,8
601.0,Elevator call,600.931288,1,0,1,0, got allocated to elevator, 0
604.0,Elevator call,603.9342327,7,0,1,0, got allocated to elevator, 0
606.0,Elev,0,  arrived at src, 8, Elevator call,596.1232023,8,0,2,0
606.0, elevID,0,  pos,8,  cmd, goto,7
617.0,Elev,0,  arrived at src, 7, Elevator call,603.9342327,7,0,2,0
617.0, elevID,0,  pos,7,  cmd, goto,1
618.0,Elevator call,617.9628339,0,3,1,0, got allocated to elevator, 0
620.0,Elevator call,619.6454197,9,0,1,0, got allocated to elevator, 0
627.0,Elevator call,626.2116172,0,1,1,0, got allocated to elevator, 0
633.0,Elev,0,  arrived at src, 1, Elevator call,600.931288,1,0,2,0
633.0, elevID,0,  pos,1,  cmd, goto,0
644.0,Elevator call,643.8547515,-1,2,1,0, got allocated to elevator, 0
644.0,Elev,0,  arrived at dest, 0, this call is done!, Elevator call,554.0892923,4,0,3,0, Done, dt, 89.91070769999999
644.0,Elev,0,  arrived at dest, 0, this call is done!, Elevator call,557.244139,10,0,3,0, Done, dt, 86.75586099999998
644.0,Elev,0,  arrived at src, 0, Elevator call,581.870309,0,3,2,0
644.0,Elev,0,  arrived at dest, 0, this call is done!, Elevator call,596.1232023,8,0,3,0, Done, dt, 47.8767977
644.0,Elev,0,  arrived at dest, 0, this call is done!, Elevator call,600.931288,1,0,3,0, Done, dt, 43.068712000000005
644.0,Elev,0,  arrived at dest, 0, this call is done!, Elevator call,603.9342327,7,0,3,0, Done, dt, 40.06576729999995
644.0,Elev,0,  arrived at src, 0, Elevator call,617.9628339,0,3,2,0
644.0,Elev,0,  arrived at src, 0, Elevator call,626.2116172,0,1,2,0
644.0, elevID,0,  pos,0,  cmd, goto,-1
655.0,Elev,0,  arrived at dest, -1, this call is done!, Elevator call,529.6277472,3,-1,3,0, Done, dt, 125.37225279999996
655.0,Elev,0,  arrived at dest, -1, this call is done!, Elevator call,544.7880392,6,-1,3,0, Done, dt, 110.21196080000004
655.0,Elev,0,  arrived at src, -1, Elevator call,643.8547515,-1,2,2,0
655.0, elevID,0,  pos,-1,  cmd, goto,1
661.0,Elevator call,660.0732908,6,10,1,0, got allocated to elevator, 0
662.0,Elevator call,661.042082,-1,3,1,0, got allocated to elevator, 0
663.0,Elevator call,662.1730528,-1,5,1,0, got allocated to elevator, 0
666.0,Elevator call,665.1155549,-1,8,1,0, got allocated to elevator, 0
667.0,Elevator call,666.0340295,4,0,1,0, got allocated to elevator, 0
667.0,Elevator call,666.2411587,5,-1,1,0, got allocated to elevator, 0
667.0,Elev,0,  arrived at dest, 1, this call is done!, Elevator call,626.2116172,0,1,3,0, Done, dt, 40.78838280000002
667.0, elevID,0,  pos,1,  cmd, goto,2
673.0,Elevator call,672.6773142,0,-1,1,2, got allocated to elevator, 2
673.0, elevID,2,  pos,-1,  cmd, goto,0
678.0,Elevator call,677.7341948,0,-1,1,2, got allocated to elevator, 2
678.0,Elev,0,  arrived at dest, 2, this call is done!, Elevator call,643.8547515,-1,2,3,0, Done, dt, 34.14524849999998
678.0, elevID,0,  pos,2,  cmd, goto,3
679.0,Elevator call,678.9953585,-1,-2,1,2, got allocated to elevator, 2
680.0,Elev,2,  arrived at src, 0, Elevator call,672.6773142,0,-1,2,2
680.0,Elev,2,  arrived at src, 0, Elevator call,677.7341948,0,-1,2,2
680.0, elevID,2,  pos,0,  cmd, goto,-1
687.0,Elev,2,  arrived at dest, -1, this call is done!, Elevator call,672.6773142,0,-1,3,2, Done, dt, 14.322685800000045
687.0,Elev,2,  arrived at dest, -1, this call is done!, Elevator call,677.7341948,0,-1,3,2, Done, dt, 9.265805200000045
687.0,Elev,2,  arrived at src, -1, Elevator call,678.9953585,-1,-2,2,2
687.0, elevID,2,  pos,-1,  cmd, goto,-2
689.0,Elev,0,  arrived at dest, 3, this call is done!, Elevator call,581.870309,0,3,3,0, Done, dt, 107.12969099999998
689.0,Elev,0,  arrived at dest, 3, this call is done!, Elevator call,617.9628339,0,3,3,0, Done, dt, 71.03716610000004
689.0, elevID,0,  pos,3,  cmd, goto,4
694.0,Elev,2,  arrived at dest, -2, this call is done!, Elevator call,678.9953585,-1,-2,3,2, Done, dt, 15.004641500000048
696.0,Elevator call,695.2239882,0,10,1,0, got allocated to elevator, 0
700.0,Elev,0,  arrived at src, 4, Elevator call,666.0340295,4,0,2,0
700.0, elevID,0,  pos,4,  cmd, goto,5
707.0,Elevator call,706.1583475,-1,-2,1,2, got allocated to elevator, 2
707.0, elevID,2,  pos,-2,  cmd, goto,-1
711.0,Elevator call,710.324977,0,1,1,0, got allocated to elevator, 0
711.0,Elev,0,  arrived at src, 5, Elevator call,666.2411587,5,-1,2,0
711.0, elevID,0,  pos,5,  cmd, goto,6
714.0,Elevator call,713.0191971,1,0,1,0, got allocated to elevator, 0
714.0,Elevator call,713.2499766,10,-1,1,0, got allocated to elevator, 0
714.0,Elev,2,  arrived at src, -1, Elevator call,706.1583475,-1,-2,2,2
714.0, elevID,2,  pos,-1,  cmd, goto,-2
721.0,Elev,2,  arrived at dest, -2, this call is done!, Elevator call,706.1583475,-1,-2,3,2, Done, dt, 14.84165250000001
722.0,Elev,0,  arrived at src, 6, Elevator call,660.0732908,6,10,2,0
722.0, elevID,0,  pos,6,  cmd, goto,9
723.0,Elevator call,722.6161213,10,0,1,0, got allocated to elevator, 0
728.0,Elevator call,727.5146029,-1,0,1,2, got allocated to elevator, 2
728.0, elevID,2,  pos,-2,  cmd, goto,-1
733.0,Elevator call,732.9746341,6,-1,1,0, got allocated to elevator, 0
735.0,Elev,0,  arrived at src, 9, Elevator call,619.6454197,9,0,2,0
735.0, elevID,0,  pos,9,  cmd, goto,10
735.0,Elev,2,  arrived at src, -1, Elevator call,727.5146029,-1,0,2,2
735.0, elevID,2,  pos,-1,  cmd, goto,0
738.0,Elevator call,737.3147202,1,0,1,0, got allocated to elevator, 0
742.0,Elev,2,  arrived at dest, 0, this call is done!, Elevator call,727.5146029,-1,0,3,2, Done, dt, 14.4853971
746.0,Elev,0,  arrived at dest, 10, this call is done!, Elevator call,660.0732908,6,10,3,0, Done, dt, 85.9267092
746.0,Elev,0,  arrived at src, 10, Elevator call,713.2499766,10,-1,2,0
746.0,Elev,0,  arrived at src, 10, Elevator call,722.6161213,10,0,2,0
746.0, elevID,0,  pos,10,  cmd, goto,6
760.0,Elev,0,  arrived at src, 6, Elevator call,732.9746341,6,-1,2,0
760.0, elevID,0,  pos,6,  cmd, goto,1
775.0,Elev,0,  arrived at src, 1, Elevator call,713.0191971,1,0,2,0
775.0,Elev,0,  arrived at src, 1, Elevator call,737.3147202,1,0,2,0
775.0, elevID,0,  pos,1,  cmd, goto,0
780.0,Elevator call,779.3996914,-1,5,1,0, got allocated to elevator, 0
786.0,Elev,0,  arrived at dest, 0, this call is done!, Elevator call,619.6454197,9,0,3,0, Done, dt, 166.35458029999995
786.0,Elev,0,  arrived at dest, 0, this call is done!, Elevator call,666.0340295,4,0,3,0, Done, dt, 119.96597050000003
786.0,Elev,0,  arrived at src, 0, Elevator call,695.2239882,0,10,2,0
786.0,Elev,0,  arrived at src, 0, Elevator call,710.324977,0,1,2,0
786.0,Elev,0,  arrived at dest, 0, this call is done!, Elevator call,713.0191971,1,0,3,0, Done, dt, 72.98080289999996
786.0,Elev,0,  arrived at dest, 0, this call is done!, Elevator call,722.6161213,10,0,3,0, Done, dt, 63.38387869999997
786.0,Elev,0,  arrived at dest, 0, this call is done!, Elevator call,737.3147202,1,0,3,0, Done, dt, 48.68527979999999
786.0, elevID,0,  pos,0,  cmd, goto,-1
797.0,Elev,0,  arrived at src, -1, Elevator call,661.042082,-1,3,2,0
797.0,Elev,0,  arrived at src, -1, Elevator call,662.1730528,-1,5,2,0
797.0,Elev,0,  arrived at src, -1, Elevator call,665.1155549,-1,8,2,0
797.0,Elev,0,  arrived at dest, -1, this call is done!, Elevator call,666.2411587,5,-1,3,0, Done, dt, 130.75884129999997
797.0,Elev,0,  arrived at dest, -1, this call is done!, Elevator call,713.2499766,10,-1,3,0, Done, dt, 83.75002340000003
797.0,Elev,0,  arrived at dest, -1, this call is done!, Elevator call,732.9746341,6,-1,3,0, Done, dt, 64.0253659
797.0,Elev,0,  arrived at src, -1, Elevator call,779.3996914,-1,5,2,0
797.0, elevID,0,  pos,-1,  cmd, goto,1
806.0,Elevator call,805.6754743,-1,-2,1,2, got allocated to elevator, 2
806.0, elevID,2,  pos,0,  cmd, goto,-1
809.0,Elev,0,  arrived at dest, 1, this call is done!, Elevator call,710.324977,0,1,3,0, Done, dt, 98.67502300000001
809.0, elevID,0,  pos,1,  cmd, goto,3
811.0,Elevator call,810.4469089,2,0,1,0, got allocated to elevator, 0
811.0, elevID,0,  pos,1,  cmd, stop,2
813.0,Elev,2,  arrived at src, -1, Elevator call,805.6754743,-1,-2,2,2
813.0, elevID,2,  pos,-1,  cmd, goto,-2
817.0,Elevator call,816.1516998,7,-1,1,0, got allocated to elevator, 0
820.0,Elev,0,  arrived at src, 2, Elevator call,810.4469089,2,0,2,0
820.0, elevID,0,  pos,2,  cmd, goto,3
820.0,Elev,2,  arrived at dest, -2, this call is done!, Elevator call,805.6754743,-1,-2,3,2, Done, dt, 14.324525699999981
826.0,Elevator call,825.4575185,7,0,1,0, got allocated to elevator, 0
831.0,Elev,0,  arrived at dest, 3, this call is done!, Elevator call,661.042082,-1,3,3,0, Done, dt, 169.95791799999995
831.0, elevID,0,  pos,3,  cmd, goto,5
840.0,Elevator call,839.8525653,0,1,1,0, got allocated to elevator, 0
843.0,Elev,0,  arrived at dest, 5, this call is done!, Elevator call,662.1730528,-1,5,3,0, Done, dt, 180.82694719999995
843.0,Elev,0,  arrived at dest, 5, this call is done!, Elevator call,779.3996914,-1,5,3,0, Done, dt, 63.60030859999995
843.0, elevID,0,  pos,5,  cmd, goto,7
855.0,Elevator call,854.2002278,6,-1,1,0, got allocated to elevator, 0
855.0,Elev,0,  arrived at src, 7, Elevator call,816.1516998,7,-1,2,0
855.0,Elev,0,  arrived at src, 7, Elevator call,825.4575185,7,0,2,0
855.0, elevID,0,  pos,7,  cmd, goto,8
864.0,Elevator call,863.8932913,0,-1,1,2, got allocated to elevator, 2
864.0, elevID,2,  pos,-2,  cmd, goto,0
866.0,Elev,0,  arrived at dest, 8, this call is done!, Elevator call,665.1155549,-1,8,3,0, Done, dt, 200.8844451
866.0, elevID,0,  pos,8,  cmd, goto,10
871.0,Elevator call,870.5053024,0,7,1,0, got allocated to elevator, 0
871.0,Elev,2,  arrived at src, 0, Elevator call,863.8932913,0,-1,2,2
871.0, elevID,2,  pos,0,  cmd, goto,-1
878.0,Elev,0,  arrived at dest, 10, this call is done!, Elevator call,695.2239882,0,10,3,0, Done, dt, 182.7760118
878.0, elevID,0,  pos,10,  cmd, goto,6
878.0,Elev,2,  arrived at dest, -1, this call is done!, Elevator call,863.8932913,0,-1,3,2, Done, dt, 14.106708700000013
887.0,Elevator call,886.5649993,-1,-2,1,2, got allocated to elevator, 2
887.0,Elev,2,  arrived at src, -1, Elevator call,886.5649993,-1,-2,2,2
887.0, elevID,2,  pos,-1,  cmd, goto,-2
892.0,Elev,0,  arrived at src, 6, Elevator call,854.2002278,6,-1,2,0
892.0, elevID,0,  pos,6,  cmd, goto,0
893.0,Elevator call,892.5212151,9,-1,1,0, got allocated to elevator, 0
894.0,Elev,2,  arrived at dest, -2, this call is done!, Elevator call,886.5649993,-1,-2,3,2, Done, dt, 7.435000700000046
908.0,Elev,0,  arrived at dest, 0, this call is done!, Elevator call,810.4469089,2,0,3,0, Done, dt, 97.55309109999996
908.0,Elev,0,  arrived at dest, 0, this call is done!, Elevator call,825.4575185,7,0,3,0, Done, dt, 82.54248150000001
908.0,Elev,0,  arrived at src, 0, Elevator call,839.8525653,0,1,2,0
908.0,Elev,0,  arrived at src, 0, Elevator call,870.5053024,0,7,2,0
908.0, elevID,0,  pos,0,  cmd, goto,-1
911.0,Elevator call,910.5388559,6,5,1,0, got allocated to elevator, 0
916.0,Elevator call,915.9490575,4,-1,1,0, got allocated to elevator, 0
919.0,Elev,0,  arrived at dest, -1, this call is done!, Elevator call,816.1516998,7,-1,3,0, Done, dt, 102.84830020000004
919.0,Elev,0,  arrived at dest, -1, this call is done!, Elevator call,854.2002278,6,-1,3,0, Done, dt, 64.7997722
919.0, elevID,0,  pos,-1,  cmd, goto,1
931.0,Elev,0,  arrived at dest, 1, this call is done!, Elevator call,839.8525653,0,1,3,0, Done, dt, 91.14743469999996
931.0, elevID,0,  pos,1,  cmd, goto,4
934.0,Elevator call,933.8580452,7,5,1,0, got allocated to elevator, 0
944.0,Elev,0,  arrived at src, 4, Elevator call,915.9490575,4,-1,2,0
944.0, elevID,0,  pos,4,  cmd, goto,6
956.0,Elev,0,  arrived at src, 6, Elevator call,910.5388559,6,5,2,0
956.0, elevID,0,  pos,6,  cmd, goto,7
962.0,Elevator call,961.6862856,6,-1,1,0, got allocated to elevator, 0
967.0,Elev,0,  arrived at dest, 7, this call is done!, Elevator call,870.5053024,0,7,3,0, Done, dt, 96.4946976
967.0,Elev,0,  arrived at src, 7, Elevator call,933.8580452,7,5,2,0
967.0, elevID,0,  pos,7,  cmd, goto,9
973.0,Elevator call,972.8032126,1,0,1,0, got allocated to elevator, 0
976.0,Elevator call,975.8361203,0,-1,1,2, got allocated to elevator, 2
976.0, elevID,2,  pos,-2,  cmd, goto,0
979.0,Elevator call,978.5925149,10,0,1,0, got allocated to elevator, 0
979.0,Elevator call,978.6210501,10,-1,1,0, got allocated to elevator, 0
979.0,Elev,0,  arrived at src, 9, Elevator call,892.5212151,9,-1,2,0
979.0, elevID,0,  pos,9,  cmd, goto,10
983.0,Elev,2,  arrived at src, 0, Elevator call,975.8361203,0,-1,2,2
983.0, elevID,2,  pos,0,  cmd, goto,-1
985.0,Elevator call,984.1840186,7,0,1,0, got allocated to elevator, 0
990.0,Elev,0,  arrived at src, 10, Elevator call,978.5925149,10,0,2,0
990.0,Elev,0,  arrived at src, 10, Elevator call,978.6210501,10,-1,2,0
990.0, elevID,0,  pos,10,  cmd, goto,7
990.0,Elev,2,  arrived at dest, -1, this call is done!, Elevator call,975.8361203,0,-1,3,2, Done, dt, 14.163879700000052
1003.0,Elev,0,  arrived at src, 7, Elevator call,984.1840186,7,0,2,0
1003.0, elevID,0,  pos,7,  cmd, goto,6
1014.0,Elev,0,  arrived at src, 6, Elevator call,961.6862856,6,-1,2,0
1014.0, elevID,0,  pos,6,  cmd, goto,5
1025.0,Elev,0,  arrived at dest, 5, this call is done!, Elevator call,910.5388559,6,5,3,0, Done, dt, 114.46114409999996
1025.0,Elev,0,  arrived at dest, 5, this call is done!, Elevator call,933.8580452,7,5,3,0, Done, dt, 91.14195480000001
1025.0, elevID,0,  pos,5,  cmd, goto,1
1039.0,Elev,0,  arrived at src, 1, Elevator call,972.8032126,1,0,2,0
1039.0, elevID,0,  pos,1,  cmd, goto,0
1050.0,Elev,0,  arrived at dest, 0, this call is done!, Elevator call,972.8032126,1,0,3,0, Done, dt, 77.19678739999995
1050.0,Elev,0,  arrived at dest, 0, this call is done!, Elevator call,978.5925149,10,0,3,0, Done, dt, 71.40748510000003
1050.0,Elev,0,  arrived at dest, 0, this call is done!, Elevator call,984.1840186,7,0,3,0, Done, dt, 65.81598140000006
1050.0, elevID,0,  pos,0,  cmd, goto,-1
1061.0,Elev,0,  arrived at dest, -1, this call is done!, Elevator call,892.5212151,9,-1,3,0, Done, dt, 168.47878490000005
1061.0,Elev,0,  arrived at dest, -1, this call is done!, Elevator call,915.9490575,4,-1,3,0, Done, dt, 145.05094250000002
1061.0,Elev,0,  arrived at dest, -1, this call is done!, Elevator call,961.6862856,6,-1,3,0, Done, dt, 99.31371439999998
1061.0,Elev,0,  arrived at dest, -1, this call is done!, Elevator call,978.6210501,10,-1,3,0, Done, dt, 82.37894989999995
1062.0,************* Simulation Ended ************
Code Owners,205890882,31851630,  Building_file,B4.json,  Calls,4a.csv
Total waiting time: 6602.0,  average waiting time per call: 66.02,  unCompleted calls,0,  certificate, -184398904
